{"total": {"lines":{"total":84,"covered":77,"skipped":0,"pct":91.66},"statements":{"total":87,"covered":80,"skipped":0,"pct":91.95},"functions":{"total":14,"covered":10,"skipped":0,"pct":71.42},"branches":{"total":34,"covered":32,"skipped":0,"pct":94.11},"branchesTrue":{"total":0,"covered":0,"skipped":0,"pct":"Unknown"}}
,"/Users/pgonzalez/Documents/apps/dx-folders/lib/reorderFiles.js": {"lines":{"total":84,"covered":77,"skipped":0,"pct":91.66},"functions":{"total":14,"covered":10,"skipped":0,"pct":71.42},"statements":{"total":87,"covered":80,"skipped":0,"pct":91.95},"branches":{"total":34,"covered":32,"skipped":0,"pct":94.11}}
}
