{"total": {"lines":{"total":72,"covered":70,"skipped":0,"pct":97.22},"statements":{"total":74,"covered":72,"skipped":0,"pct":97.29},"functions":{"total":12,"covered":11,"skipped":0,"pct":91.66},"branches":{"total":36,"covered":33,"skipped":0,"pct":91.66},"branchesTrue":{"total":0,"covered":0,"skipped":0,"pct":"Unknown"}}
,"/Users/pgonzalez/Documents/apps/dx-folders/lib/reorderFiles.js": {"lines":{"total":72,"covered":70,"skipped":0,"pct":97.22},"functions":{"total":12,"covered":11,"skipped":0,"pct":91.66},"statements":{"total":74,"covered":72,"skipped":0,"pct":97.29},"branches":{"total":36,"covered":33,"skipped":0,"pct":91.66}}
}
