{"total": {"lines":{"total":77,"covered":70,"skipped":0,"pct":90.9},"statements":{"total":80,"covered":72,"skipped":0,"pct":90},"functions":{"total":16,"covered":11,"skipped":0,"pct":68.75},"branches":{"total":36,"covered":33,"skipped":0,"pct":91.66},"branchesTrue":{"total":0,"covered":0,"skipped":0,"pct":"Unknown"}}
,"/Users/pgonzalez/Documents/apps/dx-folders/lib/reorderFiles.js": {"lines":{"total":77,"covered":70,"skipped":0,"pct":90.9},"functions":{"total":16,"covered":11,"skipped":0,"pct":68.75},"statements":{"total":80,"covered":72,"skipped":0,"pct":90},"branches":{"total":36,"covered":33,"skipped":0,"pct":91.66}}
}
