TN:
SF:lib/reorderFiles.js
FN:7,(anonymous_0)
FN:17,reoderFiles
FN:24,(anonymous_2)
FN:93,parse
FN:154,getMatchingIdentifier
FN:167,(anonymous_5)
FN:173,isTestClass
FN:179,checkStringForTest
FN:180,(anonymous_8)
FN:183,splitByUpperCase
FN:187,getPrefixByCamelCase
FN:192,removeExtension
FN:196,showPreview
FN:198,(anonymous_13)
FN:203,createIfDoesntExist
FNF:15
FNH:8
FNDA:6,(anonymous_0)
FNDA:1,reoderFiles
FNDA:38,(anonymous_2)
FNDA:38,parse
FNDA:38,getMatchingIdentifier
FNDA:66,(anonymous_5)
FNDA:0,isTestClass
FNDA:0,checkStringForTest
FNDA:0,(anonymous_8)
FNDA:0,splitByUpperCase
FNDA:0,getPrefixByCamelCase
FNDA:38,removeExtension
FNDA:0,showPreview
FNDA:0,(anonymous_13)
FNDA:50,createIfDoesntExist
DA:1,1
DA:2,1
DA:3,1
DA:4,1
DA:5,1
DA:8,6
DA:19,1
DA:21,1
DA:22,1
DA:24,38
DA:26,1
DA:28,38
DA:29,33
DA:32,5
DA:36,1
DA:38,1
DA:40,6
DA:42,6
DA:44,6
DA:46,6
DA:49,38
DA:51,38
DA:52,38
DA:54,38
DA:56,6
DA:57,6
DA:58,6
DA:60,6
DA:63,32
DA:64,32
DA:67,38
DA:68,22
DA:69,22
DA:72,16
DA:73,16
DA:76,38
DA:77,0
DA:80,38
DA:86,1
DA:87,0
DA:95,38
DA:103,38
DA:105,38
DA:106,22
DA:109,38
DA:110,28
DA:111,28
DA:112,28
DA:115,28
DA:116,4
DA:121,24
DA:122,4
DA:126,20
DA:131,38
DA:133,38
DA:135,10
DA:137,4
DA:141,6
DA:146,38
DA:147,14
DA:150,38
DA:156,38
DA:167,66
DA:169,38
DA:174,0
DA:175,0
DA:176,0
DA:180,0
DA:184,0
DA:188,0
DA:189,0
DA:193,38
DA:198,0
DA:199,0
DA:204,50
DA:205,19
DA:212,1
LF:77
LH:66
BRDA:17,0,0,1
BRDA:28,1,0,33
BRDA:28,1,1,5
BRDA:54,2,0,6
BRDA:54,2,1,32
BRDA:67,3,0,22
BRDA:67,3,1,16
BRDA:76,4,0,0
BRDA:76,4,1,38
BRDA:86,5,0,0
BRDA:86,5,1,1
BRDA:105,6,0,22
BRDA:105,6,1,16
BRDA:109,7,0,28
BRDA:109,7,1,10
BRDA:115,8,0,4
BRDA:115,8,1,24
BRDA:121,9,0,4
BRDA:121,9,1,20
BRDA:121,10,0,24
BRDA:121,10,1,16
BRDA:121,10,2,12
BRDA:133,11,0,10
BRDA:133,11,1,28
BRDA:135,12,0,4
BRDA:135,12,1,6
BRDA:146,13,0,14
BRDA:146,13,1,24
BRDA:146,14,0,38
BRDA:146,14,1,24
BRDA:204,15,0,19
BRDA:204,15,1,31
BRF:32
BRH:30
end_of_record
