TN:
SF:lib/reorderFiles.js
FN:10,(anonymous_0)
FN:20,reoderFiles
FN:22,(anonymous_2)
FN:27,(anonymous_3)
FN:94,parse
FN:156,getMatchingIdentifier
FN:169,(anonymous_6)
FN:175,isTestClass
FN:198,splitByUpperCase
FN:202,getPrefixByCamelCase
FN:207,removeExtension
FN:211,showPreview
FN:213,(anonymous_12)
FN:218,createIfDoesntExist
FNF:14
FNH:10
FNDA:6,(anonymous_0)
FNDA:1,reoderFiles
FNDA:38,(anonymous_2)
FNDA:38,(anonymous_3)
FNDA:38,parse
FNDA:38,getMatchingIdentifier
FNDA:66,(anonymous_6)
FNDA:38,isTestClass
FNDA:0,splitByUpperCase
FNDA:0,getPrefixByCamelCase
FNDA:76,removeExtension
FNDA:0,showPreview
FNDA:0,(anonymous_12)
FNDA:50,createIfDoesntExist
DA:1,1
DA:2,1
DA:3,1
DA:4,1
DA:5,1
DA:7,1
DA:8,1
DA:11,6
DA:22,38
DA:24,1
DA:25,1
DA:27,38
DA:29,1
DA:31,38
DA:32,33
DA:35,5
DA:39,1
DA:41,1
DA:43,6
DA:45,6
DA:47,6
DA:49,6
DA:51,38
DA:52,38
DA:53,38
DA:55,38
DA:57,6
DA:58,6
DA:59,6
DA:61,6
DA:64,32
DA:65,32
DA:68,38
DA:69,18
DA:70,18
DA:73,20
DA:74,20
DA:77,38
DA:78,0
DA:81,38
DA:87,1
DA:88,0
DA:96,38
DA:98,38
DA:99,38
DA:101,38
DA:111,38
DA:112,28
DA:113,28
DA:114,28
DA:117,28
DA:118,4
DA:123,24
DA:124,4
DA:128,20
DA:133,38
DA:135,38
DA:137,10
DA:139,4
DA:143,6
DA:148,38
DA:149,14
DA:152,38
DA:158,38
DA:169,66
DA:171,38
DA:177,38
DA:179,38
DA:180,38
DA:182,38
DA:183,9
DA:184,9
DA:189,29
DA:190,9
DA:194,20
DA:199,0
DA:203,0
DA:204,0
DA:208,76
DA:213,0
DA:214,0
DA:219,50
DA:220,19
DA:227,1
LF:84
LH:77
BRDA:20,0,0,1
BRDA:31,1,0,33
BRDA:31,1,1,5
BRDA:55,2,0,6
BRDA:55,2,1,32
BRDA:68,3,0,18
BRDA:68,3,1,20
BRDA:77,4,0,0
BRDA:77,4,1,38
BRDA:87,5,0,0
BRDA:87,5,1,1
BRDA:111,6,0,28
BRDA:111,6,1,10
BRDA:117,7,0,4
BRDA:117,7,1,24
BRDA:123,8,0,4
BRDA:123,8,1,20
BRDA:123,9,0,24
BRDA:123,9,1,16
BRDA:123,9,2,12
BRDA:135,10,0,10
BRDA:135,10,1,28
BRDA:137,11,0,4
BRDA:137,11,1,6
BRDA:148,12,0,14
BRDA:148,12,1,24
BRDA:148,13,0,38
BRDA:148,13,1,24
BRDA:182,14,0,9
BRDA:182,14,1,29
BRDA:189,15,0,9
BRDA:189,15,1,20
BRDA:219,16,0,19
BRDA:219,16,1,31
BRF:34
BRH:32
end_of_record
